<?xml version="1.0" encoding="UTF-8"?>
<!-- Generated by org.testng.reporters.JUnitReportReporter -->
<testsuite hostname="UMESH-PC" failures="0" tests="5" name="com.aidasoftware.qa.testcases.LoginTest" time="46.328" errors="0" timestamp="2025-02-06T00:49:43 IST" skipped="0">
  <testcase classname="com.aidasoftware.qa.testcases.LoginTest" name="verifyLoginWithValidCredentials" time="8.843"/>
  <testcase classname="com.aidasoftware.qa.testcases.LoginTest" name="verifyLoginWithInvalidCredentials" time="10.100"/>
  <testcase classname="com.aidasoftware.qa.testcases.LoginTest" name="verifyLoginWithInvalidEmailAndValidPassword" time="10.195"/>
  <testcase classname="com.aidasoftware.qa.testcases.LoginTest" name="verifyLoginWithValidEmailAndInvalidPassword" time="9.050"/>
  <testcase classname="com.aidasoftware.qa.testcases.LoginTest" name="verifyLoginWithoutProvidingCredentials" time="8.140"/>
</testsuite> <!-- com.aidasoftware.qa.testcases.LoginTest -->
