<?xml version="1.0" encoding="UTF-8"?>
<!-- Generated by org.testng.reporters.JUnitReportReporter -->
<testsuite hostname="UMESH-PC" failures="0" tests="1" name="com.aidasoftware.qa.testcases.POSQuotationTest" time="20.576" errors="0" timestamp="2025-07-31T22:20:51 IST" skipped="0">
  <testcase classname="com.aidasoftware.qa.testcases.POSQuotationTest" name="verifyPOSQuotationPageLoads" time="20.576"/>
</testsuite> <!-- com.aidasoftware.qa.testcases.POSQuotationTest -->
