<?xml version="1.0" encoding="UTF-8"?>
<!-- Generated by org.testng.reporters.JUnitReportReporter -->
<testsuite hostname="UMESH-PC" failures="0" tests="1" name="com.aidasoftware.qa.testcases.POSQuotationTest" time="91.470" errors="0" timestamp="2025-09-05T01:06:29 IST" skipped="0">
  <testcase classname="com.aidasoftware.qa.testcases.POSQuotationTest" name="createPOSQuotationTest" time="91.470"/>
</testsuite> <!-- com.aidasoftware.qa.testcases.POSQuotationTest -->
